$ renderd -f -c /usr/local/etc/renderd.conf
renderd[6750]: Rendering daemon started
renderd[6750]: Initiating request_queue
renderd[6750]: Parsing section renderd
renderd[6750]: Parsing render section 0
renderd[6750]: Parsing section mapnik
renderd[6750]: Parsing section ajt
renderd[6750]: config renderd: unix socketname=/var/run/renderd/renderd.sock
renderd[6750]: config renderd: num_threads=4
renderd[6750]: config renderd: num_slaves=0
renderd[6750]: config renderd: tile_dir=/var/lib/mod_tile
renderd[6750]: config renderd: stats_file=/var/run/renderd/renderd.stats
renderd[6750]: config mapnik:  plugins_dir=/usr/lib/mapnik/3.0/input
renderd[6750]: config mapnik:  font_dir=/usr/share/fonts/truetype/ttf-dejavu
renderd[6750]: config mapnik:  font_dir_recurse=1
renderd[6750]: config renderd(0): Active
renderd[6750]: config renderd(0): unix socketname=/var/run/renderd/renderd.sock
renderd[6750]: config renderd(0): num_threads=4
renderd[6750]: config renderd(0): tile_dir=/var/lib/mod_tile
renderd[6750]: config renderd(0): stats_file=/var/run/renderd/renderd.stats
renderd[6750]: config map 0:   name(ajt) file(/usr/local/share/maps/style/OSMBright/OSMBright.xml) uri(/hot/) htcp() host(localhost)
renderd[6750]: Initialising unix server socket on /var/run/renderd/renderd.sock
renderd[6750]: Created server socket 4
renderd[6750]: Renderd is using mapnik version 3.0.22
renderd[6750]: DEBUG: Loading font: /usr/share/fonts/truetype/ttf-dejavu/DejaVuSerifCondensed-Bold.ttf
renderd[6750]: DEBUG: Loading font: /usr/share/fonts/truetype/ttf-dejavu/DejaVuSansMono-Bold.ttf
renderd[6750]: DEBUG: Loading font: /usr/share/fonts/truetype/ttf-dejavu/DejaVuSansCondensed-Oblique.ttf
renderd[6750]: DEBUG: Loading font: /usr/share/fonts/truetype/ttf-dejavu/DejaVuSansMono.ttf
renderd[6750]: DEBUG: Loading font: /usr/share/fonts/truetype/ttf-dejavu/DejaVuSerifCondensed-Italic.ttf
renderd[6750]: DEBUG: Loading font: /usr/share/fonts/truetype/ttf-dejavu/DejaVuSans-Bold.ttf
renderd[6750]: DEBUG: Loading font: /usr/share/fonts/truetype/ttf-dejavu/DejaVuSans.ttf
renderd[6750]: DEBUG: Loading font: /usr/share/fonts/truetype/ttf-dejavu/DejaVuSansCondensed-Bold.ttf
renderd[6750]: DEBUG: Loading font: /usr/share/fonts/truetype/ttf-dejavu/DejaVuSans-Oblique.ttf
renderd[6750]: DEBUG: Loading font: /usr/share/fonts/truetype/ttf-dejavu/DejaVuSansMono-BoldOblique.ttf
renderd[6750]: DEBUG: Loading font: /usr/share/fonts/truetype/ttf-dejavu/DejaVuSerifCondensed.ttf
renderd[6750]: DEBUG: Loading font: /usr/share/fonts/truetype/ttf-dejavu/DejaVuSerif-Bold.ttf
renderd[6750]: DEBUG: Loading font: /usr/share/fonts/truetype/ttf-dejavu/DejaVuSansCondensed-BoldOblique.ttf
renderd[6750]: DEBUG: Loading font: /usr/share/fonts/truetype/ttf-dejavu/DejaVuSans-BoldOblique.ttf
renderd[6750]: DEBUG: Loading font: /usr/share/fonts/truetype/ttf-dejavu/DejaVuSansCondensed.ttf
renderd[6750]: DEBUG: Loading font: /usr/share/fonts/truetype/ttf-dejavu/DejaVuSerif.ttf
renderd[6750]: DEBUG: Loading font: /usr/share/fonts/truetype/ttf-dejavu/DejaVuSerif-BoldItalic.ttf
renderd[6750]: DEBUG: Loading font: /usr/share/fonts/truetype/ttf-dejavu/DejaVuSansMono-Oblique.ttf
renderd[6750]: DEBUG: Loading font: /usr/share/fonts/truetype/ttf-dejavu/DejaVuSans-ExtraLight.ttf
renderd[6750]: DEBUG: Loading font: /usr/share/fonts/truetype/ttf-dejavu/DejaVuSerifCondensed-BoldItalic.ttf
renderd[6750]: DEBUG: Loading font: /usr/share/fonts/truetype/ttf-dejavu/DejaVuSerif-Italic.ttf
Running in foreground mode...
debug: init_storage_backend: initialising file storage backend at: /var/lib/mod_tile
renderd[6750]: Loading parameterization function for debug: init_storage_backend: initialising file storage backend at: /var/lib/mod_tile

renderd[6750]: Loading parameterization function for
debug: init_storage_backend: initialising file storage backend at: /var/lib/mod_tile
renderd[6750]: Loading parameterization function for
debug: init_storage_backend: initialising file storage backend at: /var/lib/mod_tile
renderd[6750]: Loading parameterization function for
renderd[6750]: Starting stats thread
Mapnik LOG> 2019-07-13 09:20:24: warning: unable to find face-name 'Arundina Sans Regular' in FontSet 'fontset-0'
Mapnik LOG> 2019-07-13 09:20:24: warning: unable to find face-name 'Padauk Regular' in FontSet 'fontset-0'
Mapnik LOG> 2019-07-13 09:20:24: warning: unable to find face-name 'gargi Medium' in FontSet 'fontset-0'
Mapnik LOG> 2019-07-13 09:20:24: warning: unable to find face-name 'TSCu_Paranar Regular' in FontSet 'fontset-0'
Mapnik LOG> 2019-07-13 09:20:24: warning: unable to find face-name 'Mallige Normal' in FontSet 'fontset-0'
Mapnik LOG> 2019-07-13 09:20:24: warning: unable to find face-name 'Droid Sans Fallback Regular' in FontSet 'fontset-0'
Mapnik LOG> 2019-07-13 09:20:24: warning: unable to find face-name 'unifont Medium' in FontSet 'fontset-0'
Mapnik LOG> 2019-07-13 09:20:24: warning: unable to find face-name 'Arundina Sans Italic' in FontSet 'fontset-1'
Mapnik LOG> 2019-07-13 09:20:24: warning: unable to find face-name 'Arundina Sans Regular' in FontSet 'fontset-0'
Mapnik LOG> 2019-07-13 09:20:24: warning: unable to find face-name 'Padauk Regular' in FontSet 'fontset-0'
Mapnik LOG> 2019-07-13 09:20:24: warning: unable to find face-name 'gargi Medium' in FontSet 'fontset-0'
Mapnik LOG> 2019-07-13 09:20:24: warning: unable to find face-name 'TSCu_Paranar Regular' in FontSet 'fontset-0'
Mapnik LOG> 2019-07-13 09:20:24: warning: unable to find face-name 'Mallige Normal' in FontSet 'fontset-0'
Mapnik LOG> 2019-07-13 09:20:24: warning: unable to find face-name 'Droid Sans Fallback Regular' in FontSet 'fontset-0'
Mapnik LOG> 2019-07-13 09:20:24: warning: unable to find face-name 'unifont Medium' in FontSet 'fontset-0'
Mapnik LOG> 2019-07-13 09:20:24: warning: unable to find face-name 'Arundina Sans Italic' in FontSet 'fontset-1'
Mapnik LOG> 2019-07-13 09:20:24: warning: unable to find face-name 'TSCu_Paranar Italic' in FontSet 'fontset-1'
Mapnik LOG> 2019-07-13 09:20:24: warning: unable to find face-name 'Mallige NormalItalic' in FontSet 'fontset-1'
Mapnik LOG> 2019-07-13 09:20:24: warning: unable to find face-name 'Arundina Sans Regular' in FontSet 'fontset-1'
Mapnik LOG> 2019-07-13 09:20:24: warning: unable to find face-name 'Padauk Regular' in FontSet 'fontset-1'
Mapnik LOG> 2019-07-13 09:20:24: warning: unable to find face-name 'gargi Medium' in FontSet 'fontset-1'
Mapnik LOG> 2019-07-13 09:20:24: warning: unable to find face-name 'TSCu_Paranar Regular' in FontSet 'fontset-1'
Mapnik LOG> 2019-07-13 09:20:24: warning: unable to find face-name 'Mallige Normal' in FontSet 'fontset-1'
Mapnik LOG> 2019-07-13 09:20:24: warning: unable to find face-name 'Droid Sans Fallback Regular' in FontSet 'fontset-1'
Mapnik LOG> 2019-07-13 09:20:24: warning: unable to find face-name 'unifont Medium' in FontSet 'fontset-1'
Mapnik LOG> 2019-07-13 09:20:24: warning: unable to find face-name 'Padauk Bold' in FontSet 'fontset-2'
Mapnik LOG> 2019-07-13 09:20:24: warning: unable to find face-name 'Mukti Narrow Bold' in FontSet 'fontset-2'
Mapnik LOG> 2019-07-13 09:20:24: warning: unable to find face-name 'TSCu_Paranar Bold' in FontSet 'fontset-2'
Mapnik LOG> 2019-07-13 09:20:24: warning: unable to find face-name 'Mallige Bold' in FontSet 'fontset-2'
Mapnik LOG> 2019-07-13 09:20:24: warning: unable to find face-name 'Arundina Sans Regular' in FontSet 'fontset-2'
Mapnik LOG> 2019-07-13 09:20:24: warning: unable to find face-name 'Padauk Regular' in FontSet 'fontset-2'
Mapnik LOG> 2019-07-13 09:20:24: warning: unable to find face-name 'gargi Medium' in FontSet 'fontset-2'
Mapnik LOG> 2019-07-13 09:20:24: warning: unable to find face-name 'TSCu_Paranar Regular' in FontSet 'fontset-2'
Mapnik LOG> 2019-07-13 09:20:24: warning: unable to find face-name 'Mallige Normal' in FontSet 'fontset-2'
Mapnik LOG> 2019-07-13 09:20:24: warning: unable to find face-name 'Droid Sans Fallback Regular' in FontSet 'fontset-2'
Mapnik LOG> 2019-07-13 09:20:24: warning: unable to find face-name 'unifont Medium' in FontSet 'fontset-2'
Mapnik LOG> 2019-07-13 09:20:24: warning: unable to find face-name 'Open Sans Oblique' in FontSet 'fontset-3'
Mapnik LOG> 2019-07-13 09:20:24: warning: unable to find face-name 'Arundina Sans Italic' in FontSet 'fontset-3'
Mapnik LOG> 2019-07-13 09:20:24: warning: unable to find face-name 'TSCu_Paranar Italic' in FontSet 'fontset-3'
Mapnik LOG> 2019-07-13 09:20:24: warning: unable to find face-name 'Mallige NormalItalic' in FontSet 'fontset-3'
Mapnik LOG> 2019-07-13 09:20:24: warning: unable to find face-name 'Arundina Sans Regular' in FontSet 'fontset-3'
Mapnik LOG> 2019-07-13 09:20:24: warning: unable to find face-name 'Padauk Regular' in FontSet 'fontset-3'
Mapnik LOG> 2019-07-13 09:20:24: warning: unable to find face-name 'gargi Medium' in FontSet 'fontset-3'
Mapnik LOG> 2019-07-13 09:20:24: warning: unable to find face-name 'TSCu_Paranar Regular' in FontSet 'fontset-3'
Mapnik LOG> 2019-07-13 09:20:24: warning: unable to find face-name 'Mallige Normal' in FontSet 'fontset-3'
Mapnik LOG> 2019-07-13 09:20:24: warning: unable to find face-name 'Droid Sans Fallback Regular' in FontSet 'fontset-3'
Mapnik LOG> 2019-07-13 09:20:24: warning: unable to find face-name 'unifont Medium' in FontSet 'fontset-3'
Mapnik LOG> 2019-07-13 09:20:24: warning: unable to find face-name 'Arundina Sans Italic' in FontSet 'fontset-4'
Mapnik LOG> 2019-07-13 09:20:24: warning: unable to find face-name 'TSCu_Paranar Italic' in FontSet 'fontset-4'
Mapnik LOG> 2019-07-13 09:20:24: warning: unable to find face-name 'Mallige NormalItalic' in FontSet 'fontset-4'
Mapnik LOG> 2019-07-13 09:20:24: warning: unable to find face-name 'Arundina Sans Regular' in FontSet 'fontset-4'
Mapnik LOG> 2019-07-13 09:20:24: warning: unable to find face-name 'Padauk Regular' in FontSet 'fontset-4'
Mapnik LOG> 2019-07-13 09:20:24: warning: unable to find face-name 'gargi Medium' in FontSet 'fontset-4'
Mapnik LOG> 2019-07-13 09:20:24: warning: unable to find face-name 'TSCu_Paranar Regular' in FontSet 'fontset-4'
Mapnik LOG> 2019-07-13 09:20:24: warning: unable to find face-name 'Mallige Normal' in FontSet 'fontset-4'
Mapnik LOG> 2019-07-13 09:20:24: warning: unable to find face-name 'Droid Sans Fallback Regular' in FontSet 'fontset-4'
Mapnik LOG> 2019-07-13 09:20:24: warning: unable to find face-name 'unifont Medium' in FontSet 'fontset-4'
Mapnik LOG> 2019-07-13 09:20:24: warning: unable to find face-name 'TSCu_Paranar Italic' in FontSet 'fontset-1'
Mapnik LOG> 2019-07-13 09:20:24: warning: unable to find face-name 'Mallige NormalItalic' in FontSet 'fontset-1'
Mapnik LOG> 2019-07-13 09:20:24: warning: unable to find face-name 'Arundina Sans Regular' in FontSet 'fontset-1'
Mapnik LOG> 2019-07-13 09:20:24: warning: unable to find face-name 'Padauk Regular' in FontSet 'fontset-1'
Mapnik LOG> 2019-07-13 09:20:24: warning: unable to find face-name 'gargi Medium' in FontSet 'fontset-1'
Mapnik LOG> 2019-07-13 09:20:24: warning: unable to find face-name 'TSCu_Paranar Regular' in FontSet 'fontset-1'
Mapnik LOG> 2019-07-13 09:20:24: warning: unable to find face-name 'Mallige Normal' in FontSet 'fontset-1'
Mapnik LOG> 2019-07-13 09:20:24: warning: unable to find face-name 'Droid Sans Fallback Regular' in FontSet 'fontset-1'
Mapnik LOG> 2019-07-13 09:20:24: warning: unable to find face-name 'unifont Medium' in FontSet 'fontset-1'
Mapnik LOG> 2019-07-13 09:20:24: warning: unable to find face-name 'Padauk Bold' in FontSet 'fontset-2'
Mapnik LOG> 2019-07-13 09:20:24: warning: unable to find face-name 'Mukti Narrow Bold' in FontSet 'fontset-2'
Mapnik LOG> 2019-07-13 09:20:24: warning: unable to find face-name 'TSCu_Paranar Bold' in FontSet 'fontset-2'
Mapnik LOG> 2019-07-13 09:20:24: warning: unable to find face-name 'Mallige Bold' in FontSet 'fontset-2'
Mapnik LOG> 2019-07-13 09:20:24: warning: unable to find face-name 'Arundina Sans Regular' in FontSet 'fontset-2'
Mapnik LOG> 2019-07-13 09:20:24: warning: unable to find face-name 'Padauk Regular' in FontSet 'fontset-2'
Mapnik LOG> 2019-07-13 09:20:24: warning: unable to find face-name 'gargi Medium' in FontSet 'fontset-2'
Mapnik LOG> 2019-07-13 09:20:24: warning: unable to find face-name 'TSCu_Paranar Regular' in FontSet 'fontset-2'
Mapnik LOG> 2019-07-13 09:20:24: warning: unable to find face-name 'Mallige Normal' in FontSet 'fontset-2'
Mapnik LOG> 2019-07-13 09:20:24: warning: unable to find face-name 'Droid Sans Fallback Regular' in FontSet 'fontset-2'
Mapnik LOG> 2019-07-13 09:20:24: warning: unable to find face-name 'unifont Medium' in FontSet 'fontset-2'
Mapnik LOG> 2019-07-13 09:20:24: warning: unable to find face-name 'Open Sans Oblique' in FontSet 'fontset-3'
Mapnik LOG> 2019-07-13 09:20:24: warning: unable to find face-name 'Arundina Sans Italic' in FontSet 'fontset-3'
Mapnik LOG> 2019-07-13 09:20:24: warning: unable to find face-name 'TSCu_Paranar Italic' in FontSet 'fontset-3'
Mapnik LOG> 2019-07-13 09:20:24: warning: unable to find face-name 'Mallige NormalItalic' in FontSet 'fontset-3'
Mapnik LOG> 2019-07-13 09:20:24: warning: unable to find face-name 'Arundina Sans Regular' in FontSet 'fontset-3'
Mapnik LOG> 2019-07-13 09:20:24: warning: unable to find face-name 'Padauk Regular' in FontSet 'fontset-3'
Mapnik LOG> 2019-07-13 09:20:24: warning: unable to find face-name 'gargi Medium' in FontSet 'fontset-3'
Mapnik LOG> 2019-07-13 09:20:24: warning: unable to find face-name 'TSCu_Paranar Regular' in FontSet 'fontset-3'
Mapnik LOG> 2019-07-13 09:20:24: warning: unable to find face-name 'Mallige Normal' in FontSet 'fontset-3'
Mapnik LOG> 2019-07-13 09:20:24: warning: unable to find face-name 'Droid Sans Fallback Regular' in FontSet 'fontset-3'
Mapnik LOG> 2019-07-13 09:20:24: warning: unable to find face-name 'unifont Medium' in FontSet 'fontset-3'
Mapnik LOG> 2019-07-13 09:20:24: warning: unable to find face-name 'Arundina Sans Italic' in FontSet 'fontset-4'
Mapnik LOG> 2019-07-13 09:20:24: warning: unable to find face-name 'TSCu_Paranar Italic' in FontSet 'fontset-4'
Mapnik LOG> 2019-07-13 09:20:24: warning: unable to find face-name 'Mallige NormalItalic' in FontSet 'fontset-4'
Mapnik LOG> 2019-07-13 09:20:24: warning: unable to find face-name 'Arundina Sans Regular' in FontSet 'fontset-4'
Mapnik LOG> 2019-07-13 09:20:24: warning: unable to find face-name 'Padauk Regular' in FontSet 'fontset-4'
Mapnik LOG> 2019-07-13 09:20:24: warning: unable to find face-name 'gargi Medium' in FontSet 'fontset-4'
Mapnik LOG> 2019-07-13 09:20:24: warning: unable to find face-name 'TSCu_Paranar Regular' in FontSet 'fontset-4'
Mapnik LOG> 2019-07-13 09:20:24: warning: unable to find face-name 'Mallige Normal' in FontSet 'fontset-4'
Mapnik LOG> 2019-07-13 09:20:24: warning: unable to find face-name 'Droid Sans Fallback Regular' in FontSet 'fontset-4'
Mapnik LOG> 2019-07-13 09:20:24: warning: unable to find face-name 'unifont Medium' in FontSet 'fontset-4'
Mapnik LOG> 2019-07-13 09:20:24: warning: unable to find face-name 'Arundina Sans Regular' in FontSet 'fontset-0'
Mapnik LOG> 2019-07-13 09:20:24: warning: unable to find face-name 'Padauk Regular' in FontSet 'fontset-0'
Mapnik LOG> 2019-07-13 09:20:24: warning: unable to find face-name 'gargi Medium' in FontSet 'fontset-0'
Mapnik LOG> 2019-07-13 09:20:24: warning: unable to find face-name 'TSCu_Paranar Regular' in FontSet 'fontset-0'
Mapnik LOG> 2019-07-13 09:20:24: warning: unable to find face-name 'Mallige Normal' in FontSet 'fontset-0'
Mapnik LOG> 2019-07-13 09:20:24: warning: unable to find face-name 'Droid Sans Fallback Regular' in FontSet 'fontset-0'
Mapnik LOG> 2019-07-13 09:20:24: warning: unable to find face-name 'unifont Medium' in FontSet 'fontset-0'
Mapnik LOG> 2019-07-13 09:20:24: warning: unable to find face-name 'Arundina Sans Italic' in FontSet 'fontset-1'
Mapnik LOG> 2019-07-13 09:20:24: warning: unable to find face-name 'TSCu_Paranar Italic' in FontSet 'fontset-1'
Mapnik LOG> 2019-07-13 09:20:24: warning: unable to find face-name 'Mallige NormalItalic' in FontSet 'fontset-1'
Mapnik LOG> 2019-07-13 09:20:24: warning: unable to find face-name 'Arundina Sans Regular' in FontSet 'fontset-1'
Mapnik LOG> 2019-07-13 09:20:24: warning: unable to find face-name 'Padauk Regular' in FontSet 'fontset-1'
Mapnik LOG> 2019-07-13 09:20:24: warning: unable to find face-name 'gargi Medium' in FontSet 'fontset-1'
Mapnik LOG> 2019-07-13 09:20:24: warning: unable to find face-name 'TSCu_Paranar Regular' in FontSet 'fontset-1'
Mapnik LOG> 2019-07-13 09:20:24: warning: unable to find face-name 'Mallige Normal' in FontSet 'fontset-1'
Mapnik LOG> 2019-07-13 09:20:24: warning: unable to find face-name 'Droid Sans Fallback Regular' in FontSet 'fontset-1'
Mapnik LOG> 2019-07-13 09:20:24: warning: unable to find face-name 'unifont Medium' in FontSet 'fontset-1'
Mapnik LOG> 2019-07-13 09:20:24: warning: unable to find face-name 'Padauk Bold' in FontSet 'fontset-2'
Mapnik LOG> 2019-07-13 09:20:24: warning: unable to find face-name 'Mukti Narrow Bold' in FontSet 'fontset-2'
Mapnik LOG> 2019-07-13 09:20:24: warning: unable to find face-name 'TSCu_Paranar Bold' in FontSet 'fontset-2'
Mapnik LOG> 2019-07-13 09:20:24: warning: unable to find face-name 'Mallige Bold' in FontSet 'fontset-2'
Mapnik LOG> 2019-07-13 09:20:24: warning: unable to find face-name 'Arundina Sans Regular' in FontSet 'fontset-2'
Mapnik LOG> 2019-07-13 09:20:24: warning: unable to find face-name 'Padauk Regular' in FontSet 'fontset-2'
Mapnik LOG> 2019-07-13 09:20:24: warning: unable to find face-name 'gargi Medium' in FontSet 'fontset-2'
Mapnik LOG> 2019-07-13 09:20:24: warning: unable to find face-name 'TSCu_Paranar Regular' in FontSet 'fontset-2'
Mapnik LOG> 2019-07-13 09:20:24: warning: unable to find face-name 'Mallige Normal' in FontSet 'fontset-2'
Mapnik LOG> 2019-07-13 09:20:24: warning: unable to find face-name 'Droid Sans Fallback Regular' in FontSet 'fontset-2'
Mapnik LOG> 2019-07-13 09:20:24: warning: unable to find face-name 'unifont Medium' in FontSet 'fontset-2'
Mapnik LOG> 2019-07-13 09:20:24: warning: unable to find face-name 'Open Sans Oblique' in FontSet 'fontset-3'
Mapnik LOG> 2019-07-13 09:20:24: warning: unable to find face-name 'Arundina Sans Italic' in FontSet 'fontset-3'
Mapnik LOG> 2019-07-13 09:20:24: warning: unable to find face-name 'TSCu_Paranar Italic' in FontSet 'fontset-3'
Mapnik LOG> 2019-07-13 09:20:24: warning: unable to find face-name 'Mallige NormalItalic' in FontSet 'fontset-3'
Mapnik LOG> 2019-07-13 09:20:24: warning: unable to find face-name 'Arundina Sans Regular' in FontSet 'fontset-3'
Mapnik LOG> 2019-07-13 09:20:24: warning: unable to find face-name 'Padauk Regular' in FontSet 'fontset-3'
Mapnik LOG> 2019-07-13 09:20:24: warning: unable to find face-name 'gargi Medium' in FontSet 'fontset-3'
Mapnik LOG> 2019-07-13 09:20:24: warning: unable to find face-name 'TSCu_Paranar Regular' in FontSet 'fontset-3'
Mapnik LOG> 2019-07-13 09:20:24: warning: unable to find face-name 'Mallige Normal' in FontSet 'fontset-3'
Mapnik LOG> 2019-07-13 09:20:24: warning: unable to find face-name 'Droid Sans Fallback Regular' in FontSet 'fontset-3'
Mapnik LOG> 2019-07-13 09:20:24: warning: unable to find face-name 'unifont Medium' in FontSet 'fontset-3'
Mapnik LOG> 2019-07-13 09:20:24: warning: unable to find face-name 'Arundina Sans Italic' in FontSet 'fontset-4'
Mapnik LOG> 2019-07-13 09:20:24: warning: unable to find face-name 'TSCu_Paranar Italic' in FontSet 'fontset-4'
Mapnik LOG> 2019-07-13 09:20:24: warning: unable to find face-name 'Mallige NormalItalic' in FontSet 'fontset-4'
Mapnik LOG> 2019-07-13 09:20:24: warning: unable to find face-name 'Arundina Sans Regular' in FontSet 'fontset-4'
Mapnik LOG> 2019-07-13 09:20:24: warning: unable to find face-name 'Padauk Regular' in FontSet 'fontset-4'
Mapnik LOG> 2019-07-13 09:20:24: warning: unable to find face-name 'gargi Medium' in FontSet 'fontset-4'
Mapnik LOG> 2019-07-13 09:20:24: warning: unable to find face-name 'TSCu_Paranar Regular' in FontSet 'fontset-4'
Mapnik LOG> 2019-07-13 09:20:24: warning: unable to find face-name 'Mallige Normal' in FontSet 'fontset-4'
Mapnik LOG> 2019-07-13 09:20:24: warning: unable to find face-name 'Droid Sans Fallback Regular' in FontSet 'fontset-4'
Mapnik LOG> 2019-07-13 09:20:24: warning: unable to find face-name 'unifont Medium' in FontSet 'fontset-4'
Mapnik LOG> 2019-07-13 09:20:24: warning: unable to find face-name 'Arundina Sans Regular' in FontSet 'fontset-0'
Mapnik LOG> 2019-07-13 09:20:24: warning: unable to find face-name 'Padauk Regular' in FontSet 'fontset-0'
Mapnik LOG> 2019-07-13 09:20:24: warning: unable to find face-name 'gargi Medium' in FontSet 'fontset-0'
Mapnik LOG> 2019-07-13 09:20:24: warning: unable to find face-name 'TSCu_Paranar Regular' in FontSet 'fontset-0'
Mapnik LOG> 2019-07-13 09:20:24: warning: unable to find face-name 'Mallige Normal' in FontSet 'fontset-0'
Mapnik LOG> 2019-07-13 09:20:24: warning: unable to find face-name 'Droid Sans Fallback Regular' in FontSet 'fontset-0'
Mapnik LOG> 2019-07-13 09:20:24: warning: unable to find face-name 'unifont Medium' in FontSet 'fontset-0'
Mapnik LOG> 2019-07-13 09:20:24: warning: unable to find face-name 'Arundina Sans Italic' in FontSet 'fontset-1'
Mapnik LOG> 2019-07-13 09:20:24: warning: unable to find face-name 'TSCu_Paranar Italic' in FontSet 'fontset-1'
Mapnik LOG> 2019-07-13 09:20:24: warning: unable to find face-name 'Mallige NormalItalic' in FontSet 'fontset-1'
Mapnik LOG> 2019-07-13 09:20:24: warning: unable to find face-name 'Arundina Sans Regular' in FontSet 'fontset-1'
Mapnik LOG> 2019-07-13 09:20:24: warning: unable to find face-name 'Padauk Regular' in FontSet 'fontset-1'
Mapnik LOG> 2019-07-13 09:20:24: warning: unable to find face-name 'gargi Medium' in FontSet 'fontset-1'
Mapnik LOG> 2019-07-13 09:20:24: warning: unable to find face-name 'TSCu_Paranar Regular' in FontSet 'fontset-1'
Mapnik LOG> 2019-07-13 09:20:24: warning: unable to find face-name 'Mallige Normal' in FontSet 'fontset-1'
Mapnik LOG> 2019-07-13 09:20:24: warning: unable to find face-name 'Droid Sans Fallback Regular' in FontSet 'fontset-1'
Mapnik LOG> 2019-07-13 09:20:24: warning: unable to find face-name 'unifont Medium' in FontSet 'fontset-1'
Mapnik LOG> 2019-07-13 09:20:24: warning: unable to find face-name 'Padauk Bold' in FontSet 'fontset-2'
Mapnik LOG> 2019-07-13 09:20:24: warning: unable to find face-name 'Mukti Narrow Bold' in FontSet 'fontset-2'
Mapnik LOG> 2019-07-13 09:20:24: warning: unable to find face-name 'TSCu_Paranar Bold' in FontSet 'fontset-2'
Mapnik LOG> 2019-07-13 09:20:24: warning: unable to find face-name 'Mallige Bold' in FontSet 'fontset-2'
Mapnik LOG> 2019-07-13 09:20:24: warning: unable to find face-name 'Arundina Sans Regular' in FontSet 'fontset-2'
Mapnik LOG> 2019-07-13 09:20:24: warning: unable to find face-name 'Padauk Regular' in FontSet 'fontset-2'
Mapnik LOG> 2019-07-13 09:20:24: warning: unable to find face-name 'gargi Medium' in FontSet 'fontset-2'
Mapnik LOG> 2019-07-13 09:20:24: warning: unable to find face-name 'TSCu_Paranar Regular' in FontSet 'fontset-2'
Mapnik LOG> 2019-07-13 09:20:24: warning: unable to find face-name 'Mallige Normal' in FontSet 'fontset-2'
Mapnik LOG> 2019-07-13 09:20:24: warning: unable to find face-name 'Droid Sans Fallback Regular' in FontSet 'fontset-2'
Mapnik LOG> 2019-07-13 09:20:24: warning: unable to find face-name 'unifont Medium' in FontSet 'fontset-2'
Mapnik LOG> 2019-07-13 09:20:24: warning: unable to find face-name 'Open Sans Oblique' in FontSet 'fontset-3'
Mapnik LOG> 2019-07-13 09:20:24: warning: unable to find face-name 'Arundina Sans Italic' in FontSet 'fontset-3'
Mapnik LOG> 2019-07-13 09:20:24: warning: unable to find face-name 'TSCu_Paranar Italic' in FontSet 'fontset-3'
Mapnik LOG> 2019-07-13 09:20:24: warning: unable to find face-name 'Mallige NormalItalic' in FontSet 'fontset-3'
Mapnik LOG> 2019-07-13 09:20:24: warning: unable to find face-name 'Arundina Sans Regular' in FontSet 'fontset-3'
Mapnik LOG> 2019-07-13 09:20:24: warning: unable to find face-name 'Padauk Regular' in FontSet 'fontset-3'
Mapnik LOG> 2019-07-13 09:20:24: warning: unable to find face-name 'gargi Medium' in FontSet 'fontset-3'
Mapnik LOG> 2019-07-13 09:20:24: warning: unable to find face-name 'TSCu_Paranar Regular' in FontSet 'fontset-3'
Mapnik LOG> 2019-07-13 09:20:24: warning: unable to find face-name 'Mallige Normal' in FontSet 'fontset-3'
Mapnik LOG> 2019-07-13 09:20:24: warning: unable to find face-name 'Droid Sans Fallback Regular' in FontSet 'fontset-3'
Mapnik LOG> 2019-07-13 09:20:24: warning: unable to find face-name 'unifont Medium' in FontSet 'fontset-3'
Mapnik LOG> 2019-07-13 09:20:24: warning: unable to find face-name 'Arundina Sans Italic' in FontSet 'fontset-4'
Mapnik LOG> 2019-07-13 09:20:24: warning: unable to find face-name 'TSCu_Paranar Italic' in FontSet 'fontset-4'
Mapnik LOG> 2019-07-13 09:20:24: warning: unable to find face-name 'Mallige NormalItalic' in FontSet 'fontset-4'
Mapnik LOG> 2019-07-13 09:20:24: warning: unable to find face-name 'Arundina Sans Regular' in FontSet 'fontset-4'
Mapnik LOG> 2019-07-13 09:20:24: warning: unable to find face-name 'Padauk Regular' in FontSet 'fontset-4'
Mapnik LOG> 2019-07-13 09:20:24: warning: unable to find face-name 'gargi Medium' in FontSet 'fontset-4'
Mapnik LOG> 2019-07-13 09:20:24: warning: unable to find face-name 'TSCu_Paranar Regular' in FontSet 'fontset-4'
Mapnik LOG> 2019-07-13 09:20:24: warning: unable to find face-name 'Mallige Normal' in FontSet 'fontset-4'
Mapnik LOG> 2019-07-13 09:20:24: warning: unable to find face-name 'Droid Sans Fallback Regular' in FontSet 'fontset-4'
Mapnik LOG> 2019-07-13 09:20:24: warning: unable to find face-name 'unifont Medium' in FontSet 'fontset-4'
renderd[6750]: Using web mercator projection settings
renderd[6750]: Using web mercator projection settingsrenderd[6750]: Using web mercator projection settingsrenderd[6750]: Using web mercator projection settings
renderd[6750]: DEBUG: Got incoming connection, fd 11, number 1
renderd[6750]: DEBUG: Got incoming request with protocol version 2
renderd[6750]: DEBUG: Got command RenderPrio fd(11) xml(ajt), z(14), x(11560), y(6512), mime(image/png), options()
renderd[6750]: DEBUG: START TILE ajt 14 11560-11567 6512-6519, new metatile
renderd[6750]: Rendering projected coordinates 14 11560 6512 -> 8238077.160468|4089686.761372 8257645.039709|4109254.640613 to a 8 x 8 tile
renderd[6750]: DEBUG: Got incoming connection, fd 12, number 2
renderd[6750]: DEBUG: Got incoming connection, fd 13, number 3
renderd[6750]: DEBUG: Got incoming request with protocol version 2
renderd[6750]: DEBUG: Got command RenderPrio fd(12) xml(ajt), z(14), x(11560), y(6514), mime(image/png), options()
renderd[6750]: DEBUG: Got incoming request with protocol version 2
renderd[6750]: DEBUG: Got command RenderPrio fd(13) xml(ajt), z(14), x(11560), y(6513), mime(image/png), options()
renderd[6750]: DEBUG: Got incoming connection, fd 14, number 4
renderd[6750]: DEBUG: Got incoming request with protocol version 2
renderd[6750]: DEBUG: Got command RenderPrio fd(14) xml(ajt), z(14), x(11560), y(6511), mime(image/png), options()
renderd[6750]: DEBUG: START TILE ajt 14 11560-11567 6504-6511, new metatile
renderd[6750]: Rendering projected coordinates 14 11560 6504 -> 8238077.160468|4109254.640613 8257645.039709|4128822.519854 to a 8 x 8 tile
renderd[6750]: DEBUG: Got incoming connection, fd 17, number 5
renderd[6750]: DEBUG: Got incoming connection, fd 18, number 6
renderd[6750]: DEBUG: Got incoming request with protocol version 2
renderd[6750]: DEBUG: Got command RenderPrio fd(17) xml(ajt), z(16), x(46232), y(26051), mime(image/png), options()
renderd[6750]: DEBUG: Got incoming connection, fd 19, number 7
renderd[6750]: DEBUG: Got incoming request with protocol version 2
renderd[6750]: DEBUG: Got command RenderPrio fd(18) xml(ajt), z(16), x(46234), y(26051), mime(image/png), options()
renderd[6750]: DEBUG: Got incoming request with protocol version 2
renderd[6750]: DEBUG: Got command RenderPrio fd(19) xml(ajt), z(16), x(46233), y(26051), mime(image/png), options()
renderd[6750]: DEBUG: START TILE ajt 16 46232-46239 26048-26055, new metatile
renderd[6750]: Rendering projected coordinates 16 46232 26048 -> 8233185.190657|4104362.670803 8238077.160468|4109254.640613 to a 8 x 8 tile
renderd[6750]: DEBUG: Got incoming connection, fd 20, number 8
renderd[6750]: DEBUG: Got incoming connection, fd 21, number 9
renderd[6750]: DEBUG: Got incoming request with protocol version 2
renderd[6750]: DEBUG: Got command RenderPrio fd(20) xml(ajt), z(16), x(46234), y(26052), mime(image/png), options()
renderd[6750]: DEBUG: Got incoming connection, fd 22, number 10
renderd[6750]: DEBUG: Got incoming request with protocol version 2
renderd[6750]: DEBUG: Got command RenderPrio fd(21) xml(ajt), z(16), x(46233), y(26052), mime(image/png), options()
renderd[6750]: DEBUG: Got incoming request with protocol version 2
renderd[6750]: DEBUG: Got command RenderPrio fd(22) xml(ajt), z(16), x(46232), y(26052), mime(image/png), options()
renderd[6750]: DEBUG: Got incoming connection, fd 24, number 11
renderd[6750]: DEBUG: Got incoming connection, fd 25, number 12
renderd[6750]: DEBUG: Got incoming request with protocol version 2
renderd[6750]: DEBUG: Got command RenderPrio fd(24) xml(ajt), z(16), x(46233), y(26053), mime(image/png), options()
renderd[6750]: DEBUG: Got incoming request with protocol version 2
renderd[6750]: DEBUG: Got command RenderPrio fd(25) xml(ajt), z(16), x(46233), y(26050), mime(image/png), options()
renderd[6750]: DEBUG: Got incoming connection, fd 26, number 13
renderd[6750]: DEBUG: Got incoming connection, fd 27, number 14
renderd[6750]: DEBUG: Got incoming request with protocol version 2
renderd[6750]: DEBUG: Got command RenderPrio fd(26) xml(ajt), z(16), x(46232), y(26050), mime(image/png), options()
renderd[6750]: DEBUG: Got incoming request with protocol version 2
renderd[6750]: DEBUG: Got command RenderPrio fd(27) xml(ajt), z(16), x(46234), y(26050), mime(image/png), options()
renderd[6750]: DEBUG: Got incoming connection, fd 28, number 15
renderd[6750]: DEBUG: Got incoming connection, fd 29, number 16
renderd[6750]: DEBUG: Got incoming request with protocol version 2
renderd[6750]: DEBUG: Got command RenderPrio fd(28) xml(ajt), z(18), x(184933), y(104206), mime(image/png), options()
renderd[6750]: DEBUG: Got incoming request with protocol version 2
renderd[6750]: DEBUG: Got command RenderPrio fd(29) xml(ajt), z(18), x(184933), y(104207), mime(image/png), options()
renderd[6750]: DEBUG: START TILE ajt 18 184928-184935 104200-104207, new metatile
renderd[6750]: Rendering projected coordinates 18 184928 104200 -> 8233185.190657|4106808.655708 8234408.183110|4108031.648161 to a 8 x 8 tile
renderd[6750]: DEBUG: Got incoming connection, fd 30, number 17
renderd[6750]: DEBUG: Got incoming connection, fd 31, number 18
renderd[6750]: DEBUG: Got incoming request with protocol version 2
renderd[6750]: DEBUG: Got command RenderPrio fd(30) xml(ajt), z(18), x(184934), y(104206), mime(image/png), options()
renderd[6750]: DEBUG: Got incoming connection, fd 32, number 19
renderd[6750]: DEBUG: Got incoming request with protocol version 2
renderd[6750]: DEBUG: Got command RenderPrio fd(31) xml(ajt), z(18), x(184932), y(104206), mime(image/png), options()
renderd[6750]: DEBUG: Got incoming connection, fd 33, number 20
renderd[6750]: DEBUG: Got incoming request with protocol version 2
renderd[6750]: DEBUG: Got command RenderPrio fd(32) xml(ajt), z(18), x(184932), y(104207), mime(image/png), options()
renderd[6750]: DEBUG: Got incoming request with protocol version 2
renderd[6750]: DEBUG: Got command RenderPrio fd(33) xml(ajt), z(18), x(184934), y(104207), mime(image/png), options()
renderd[6750]: DEBUG: Got incoming connection, fd 35, number 21
renderd[6750]: DEBUG: Got incoming request with protocol version 2
renderd[6750]: DEBUG: Got command RenderPrio fd(35) xml(ajt), z(18), x(184933), y(104205), mime(image/png), options()
renderd[6750]: DEBUG: Got incoming connection, fd 36, number 22
renderd[6750]: DEBUG: Got incoming request with protocol version 2
renderd[6750]: DEBUG: Got command RenderPrio fd(36) xml(ajt), z(18), x(184933), y(104208), mime(image/png), options()
renderd[6750]: DEBUG: Got incoming connection, fd 37, number 23
renderd[6750]: DEBUG: Got incoming connection, fd 38, number 24
renderd[6750]: DEBUG: Got incoming request with protocol version 2
renderd[6750]: DEBUG: Got command RenderPrio fd(37) xml(ajt), z(18), x(184932), y(104205), mime(image/png), options()
renderd[6750]: DEBUG: Got incoming request with protocol version 2
renderd[6750]: DEBUG: Got command RenderPrio fd(38) xml(ajt), z(18), x(184934), y(104205), mime(image/png), options()
renderd[6750]: DEBUG: Got incoming connection, fd 39, number 25
renderd[6750]: DEBUG: Got incoming request with protocol version 2
renderd[6750]: DEBUG: Got command RenderPrio fd(39) xml(ajt), z(18), x(184932), y(104208), mime(image/png), options()
renderd[6750]: DEBUG: Got incoming connection, fd 40, number 26
renderd[6750]: DEBUG: Got incoming request with protocol version 2
renderd[6750]: DEBUG: Got command RenderPrio fd(40) xml(ajt), z(18), x(184934), y(104208), mime(image/png), options()
ERROR 1: IllegalArgumentException: Points of LinearRing do not form a closed linestring
ERROR 1: IllegalArgumentException: Points of LinearRing do not form a closed linestring
ERROR 1: IllegalArgumentException: Points of LinearRing do not form a closed linestring
renderd[6750]: DEBUG: DONE TILE ajt 14 11560-11567 6504-6511 in 7.415 seconds
debug: Creating and writing a metatile to /var/lib/mod_tile/ajt/14/0/33/217/38/136.meta

renderd[6750]: DEBUG: Sending render cmd(3 ajt 14/11560/6511) with protocol version 2 to fd 14
renderd[6750]: DEBUG: Connection 3, fd 14 closed, now 25 left
renderd[6750]: DEBUG: START TILE ajt 18 184928-184935 104208-104215, new metatile
renderd[6750]: Rendering projected coordinates 18 184928 104208 -> 8233185.190657|4105585.663256 8234408.183110|4106808.655708 to a 8 x 8 tile
renderd[6750]: DEBUG: DONE TILE ajt 16 46232-46239 26048-26055 in 6.598 seconds
debug: Creating and writing a metatile to /var/lib/mod_tile/ajt/16/0/182/69/156/128.meta

renderd[6750]: DEBUG: Sending render cmd(3 ajt 16/46232/26051) with protocol version 2 to fd 17
renderd[6750]: DEBUG: Connection 3, fd 17 closed, now 24 left
renderd[6750]: DEBUG: Sending render cmd(3 ajt 16/46234/26050) with protocol version 2 to fd 27
renderd[6750]: DEBUG: Connection 11, fd 27 closed, now 23 left
renderd[6750]: DEBUG: Sending render cmd(3 ajt 16/46232/26050) with protocol version 2 to fd 26
renderd[6750]: DEBUG: Connection 10, fd 26 closed, now 22 left
renderd[6750]: DEBUG: Sending render cmd(3 ajt 16/46233/26050) with protocol version 2 to fd 25
renderd[6750]: DEBUG: Connection 9, fd 25 closed, now 21 left
renderd[6750]: DEBUG: Sending render cmd(3 ajt 16/46233/26053) with protocol version 2 to fd 24
renderd[6750]: DEBUG: Connection 8, fd 24 closed, now 20 left
renderd[6750]: DEBUG: Sending render cmd(3 ajt 16/46232/26052) with protocol version 2 to fd 22
renderd[6750]: DEBUG: Connection 7, fd 22 closed, now 19 left
renderd[6750]: DEBUG: Sending render cmd(3 ajt 16/46233/26052) with protocol version 2 to fd 21
renderd[6750]: DEBUG: Connection 6, fd 21 closed, now 18 left
renderd[6750]: DEBUG: Sending render cmd(3 ajt 16/46234/26052) with protocol version 2 to fd 20
renderd[6750]: DEBUG: Connection 5, fd 20 closed, now 17 left
renderd[6750]: DEBUG: Sending render cmd(3 ajt 16/46233/26051) with protocol version 2 to fd 19
renderd[6750]: DEBUG: Connection 4, fd 19 closed, now 16 left
renderd[6750]: DEBUG: Sending render cmd(3 ajt 16/46234/26051) with protocol version 2 to fd 18
renderd[6750]: DEBUG: Connection 3, fd 18 closed, now 15 left
renderd[6750]: DEBUG: DONE TILE ajt 14 11560-11567 6512-6519 in 7.961 seconds
debug: Creating and writing a metatile to /var/lib/mod_tile/ajt/14/0/33/217/39/128.meta

renderd[6750]: DEBUG: Sending render cmd(3 ajt 14/11560/6512) with protocol version 2 to fd 11
renderd[6750]: DEBUG: Connection 0, fd 11 closed, now 14 left
renderd[6750]: DEBUG: Sending render cmd(3 ajt 14/11560/6513) with protocol version 2 to fd 13
renderd[6750]: DEBUG: Connection 1, fd 13 closed, now 13 left
renderd[6750]: DEBUG: Sending render cmd(3 ajt 14/11560/6514) with protocol version 2 to fd 12
renderd[6750]: DEBUG: Connection 0, fd 12 closed, now 12 left
renderd[6750]: DEBUG: DONE TILE ajt 18 184928-184935 104200-104207 in 4.955 seconds
debug: Creating and writing a metatile to /var/lib/mod_tile/ajt/18/33/217/39/96/8.meta

renderd[6750]: DEBUG: Sending render cmd(3 ajt 18/184933/104206) with protocol version 2 to fd 28
renderd[6750]: DEBUG: Connection 0, fd 28 closed, now 11 left
renderd[6750]: DEBUG: Sending render cmd(3 ajt 18/184934/104205) with protocol version 2 to fd 38
renderd[6750]: DEBUG: Connection 8, fd 38 closed, now 10 left
renderd[6750]: DEBUG: Sending render cmd(3 ajt 18/184932/104205) with protocol version 2 to fd 37
renderd[6750]: DEBUG: Connection 7, fd 37 closed, now 9 left
renderd[6750]: DEBUG: Sending render cmd(3 ajt 18/184933/104205) with protocol version 2 to fd 35
renderd[6750]: DEBUG: Connection 5, fd 35 closed, now 8 left
renderd[6750]: DEBUG: Sending render cmd(3 ajt 18/184934/104207) with protocol version 2 to fd 33
renderd[6750]: DEBUG: Connection 4, fd 33 closed, now 7 left
renderd[6750]: DEBUG: Sending render cmd(3 ajt 18/184932/104207) with protocol version 2 to fd 32
renderd[6750]: DEBUG: Connection 3, fd 32 closed, now 6 left
renderd[6750]: DEBUG: Sending render cmd(3 ajt 18/184932/104206) with protocol version 2 to fd 31
renderd[6750]: DEBUG: Connection 2, fd 31 closed, now 5 left
renderd[6750]: DEBUG: Sending render cmd(3 ajt 18/184934/104206) with protocol version 2 to fd 30
renderd[6750]: DEBUG: Connection 1, fd 30 closed, now 4 left
renderd[6750]: DEBUG: Sending render cmd(3 ajt 18/184933/104207) with protocol version 2 to fd 29
renderd[6750]: DEBUG: Connection 0, fd 29 closed, now 3 left
renderd[6750]: DEBUG: Got incoming connection, fd 11, number 4
renderd[6750]: DEBUG: Got incoming request with protocol version 2
renderd[6750]: DEBUG: Got command RenderPrio fd(11) xml(ajt), z(18), x(184931), y(104208), mime(image/png), options()
renderd[6750]: DEBUG: Got incoming connection, fd 12, number 5
renderd[6750]: DEBUG: Got incoming request with protocol version 2
renderd[6750]: DEBUG: Got command RenderPrio fd(12) xml(ajt), z(18), x(184935), y(104208), mime(image/png), options()
renderd[6750]: DEBUG: Got incoming connection, fd 13, number 6
renderd[6750]: DEBUG: Got incoming request with protocol version 2
renderd[6750]: DEBUG: Got command RenderPrio fd(13) xml(ajt), z(18), x(184936), y(104206), mime(image/png), options()
renderd[6750]: DEBUG: START TILE ajt 18 184936-184943 104200-104207, new metatile
renderd[6750]: Rendering projected coordinates 18 184936 104200 -> 8234408.183110|4106808.655708 8235631.175562|4108031.648161 to a 8 x 8 tile
renderd[6750]: DEBUG: Got incoming connection, fd 14, number 7
renderd[6750]: DEBUG: Got incoming request with protocol version 2
renderd[6750]: DEBUG: Got command RenderPrio fd(14) xml(ajt), z(18), x(184936), y(104207), mime(image/png), options()
renderd[6750]: DEBUG: Got incoming connection, fd 17, number 8
renderd[6750]: DEBUG: Got incoming request with protocol version 2
renderd[6750]: DEBUG: Got command RenderPrio fd(17) xml(ajt), z(18), x(184936), y(104205), mime(image/png), options()
renderd[6750]: DEBUG: Got incoming connection, fd 18, number 9
renderd[6750]: DEBUG: Got incoming request with protocol version 2
renderd[6750]: DEBUG: Got command RenderPrio fd(18) xml(ajt), z(18), x(184930), y(104208), mime(image/png), options()
renderd[6750]: DEBUG: Got incoming connection, fd 19, number 10
renderd[6750]: DEBUG: Got incoming request with protocol version 2
renderd[6750]: DEBUG: Got command RenderPrio fd(19) xml(ajt), z(18), x(184936), y(104208), mime(image/png), options()
renderd[6750]: DEBUG: START TILE ajt 18 184936-184943 104208-104215, new metatile
renderd[6750]: Rendering projected coordinates 18 184936 104208 -> 8234408.183110|4105585.663256 8235631.175562|4106808.655708 to a 8 x 8 tile
renderd[6750]: DEBUG: DONE TILE ajt 18 184928-184935 104208-104215 in 2.303 seconds
debug: Creating and writing a metatile to /var/lib/mod_tile/ajt/18/33/217/39/97/0.meta

renderd[6750]: DEBUG: Sending render cmd(3 ajt 18/184933/104208) with protocol version 2 to fd 36
renderd[6750]: DEBUG: Connection 0, fd 36 closed, now 9 left
renderd[6750]: DEBUG: Sending render cmd(3 ajt 18/184930/104208) with protocol version 2 to fd 18
renderd[6750]: DEBUG: Connection 7, fd 18 closed, now 8 left
renderd[6750]: DEBUG: Sending render cmd(3 ajt 18/184935/104208) with protocol version 2 to fd 12
renderd[6750]: DEBUG: Connection 3, fd 12 closed, now 7 left
renderd[6750]: DEBUG: Sending render cmd(3 ajt 18/184931/104208) with protocol version 2 to fd 11
renderd[6750]: DEBUG: Connection 2, fd 11 closed, now 6 left
renderd[6750]: DEBUG: Sending render cmd(3 ajt 18/184934/104208) with protocol version 2 to fd 40
renderd[6750]: DEBUG: Connection 1, fd 40 closed, now 5 left
renderd[6750]: DEBUG: Sending render cmd(3 ajt 18/184932/104208) with protocol version 2 to fd 39
renderd[6750]: DEBUG: Connection 0, fd 39 closed, now 4 left
renderd[6750]: DEBUG: DONE TILE ajt 18 184936-184943 104200-104207 in 3.239 seconds
debug: Creating and writing a metatile to /var/lib/mod_tile/ajt/18/33/217/39/96/136.meta

renderd[6750]: DEBUG: Sending render cmd(3 ajt 18/184936/104206) with protocol version 2 to fd 13
renderd[6750]: DEBUG: Connection 0, fd 13 closed, now 3 left
renderd[6750]: DEBUG: Sending render cmd(3 ajt 18/184936/104205) with protocol version 2 to fd 17
renderd[6750]: DEBUG: Connection 1, fd 17 closed, now 2 left
renderd[6750]: DEBUG: Sending render cmd(3 ajt 18/184936/104207) with protocol version 2 to fd 14
renderd[6750]: DEBUG: Connection 0, fd 14 closed, now 1 left
renderd[6750]: DEBUG: DONE TILE ajt 18 184936-184943 104208-104215 in 3.120 seconds
debug: Creating and writing a metatile to /var/lib/mod_tile/ajt/18/33/217/39/97/128.meta

renderd[6750]: DEBUG: Sending render cmd(3 ajt 18/184936/104208) with protocol version 2 to fd 19
renderd[6750]: DEBUG: Connection 0, fd 19 closed, now 0 left
